<?xml version="1.0" encoding="UTF-8"?>
<testsuite xmlns:xsi="http://www.w3.org/2001/XMLSchema-instance" xsi:schemaLocation="https://maven.apache.org/surefire/maven-surefire-plugin/xsd/surefire-test-report.xsd" name="TestSuite" time="181.156" tests="28" errors="0" skipped="0" failures="0">
  <properties>
    <property name="java.runtime.name" value="Java(TM) SE Runtime Environment"/>
    <property name="sun.boot.library.path" value="/Library/Java/JavaVirtualMachines/jdk1.8.0_151.jdk/Contents/Home/jre/lib"/>
    <property name="java.vm.version" value="25.151-b12"/>
    <property name="user.country.format" value="BA"/>
    <property name="gopherProxySet" value="false"/>
    <property name="java.vm.vendor" value="Oracle Corporation"/>
    <property name="maven.multiModuleProjectDirectory" value="/Users/siradj/desktop/way2automate"/>
    <property name="java.vendor.url" value="http://java.oracle.com/"/>
    <property name="path.separator" value=":"/>
    <property name="guice.disable.misplaced.annotation.check" value="true"/>
    <property name="java.vm.name" value="Java HotSpot(TM) 64-Bit Server VM"/>
    <property name="file.encoding.pkg" value="sun.io"/>
    <property name="user.country" value="US"/>
    <property name="sun.java.launcher" value="SUN_STANDARD"/>
    <property name="sun.os.patch.level" value="unknown"/>
    <property name="java.vm.specification.name" value="Java Virtual Machine Specification"/>
    <property name="user.dir" value="/Users/siradj/Desktop/way2automate"/>
    <property name="java.runtime.version" value="1.8.0_151-b12"/>
    <property name="java.awt.graphicsenv" value="sun.awt.CGraphicsEnvironment"/>
    <property name="java.endorsed.dirs" value="/Library/Java/JavaVirtualMachines/jdk1.8.0_151.jdk/Contents/Home/jre/lib/endorsed"/>
    <property name="os.arch" value="x86_64"/>
    <property name="java.io.tmpdir" value="/var/folders/08/d1xnj3x91dz_fzwyxd2wqr6r0000gn/T/"/>
    <property name="line.separator" value="&#10;"/>
    <property name="java.vm.specification.vendor" value="Oracle Corporation"/>
    <property name="os.name" value="Mac OS X"/>
    <property name="suiteXmlFile" value="suitexmlfile.xml"/>
    <property name="classworlds.conf" value="/usr/local/Cellar/maven/3.5.2/libexec/bin/m2.conf"/>
    <property name="sun.jnu.encoding" value="UTF-8"/>
    <property name="java.library.path" value="/Users/siradj/Library/Java/Extensions:/Library/Java/Extensions:/Network/Library/Java/Extensions:/System/Library/Java/Extensions:/usr/lib/java:."/>
    <property name="maven.conf" value="/usr/local/Cellar/maven/3.5.2/libexec/conf"/>
    <property name="java.specification.name" value="Java Platform API Specification"/>
    <property name="java.class.version" value="52.0"/>
    <property name="sun.management.compiler" value="HotSpot 64-Bit Tiered Compilers"/>
    <property name="os.version" value="10.13"/>
    <property name="http.nonProxyHosts" value="local|*.local|169.254/16|*.169.254/16"/>
    <property name="library.jansi.path" value="/usr/local/Cellar/maven/3.5.2/libexec/lib/jansi-native"/>
    <property name="user.home" value="/Users/siradj"/>
    <property name="user.timezone" value="Europe/Sarajevo"/>
    <property name="java.awt.printerjob" value="sun.lwawt.macosx.CPrinterJob"/>
    <property name="java.specification.version" value="1.8"/>
    <property name="file.encoding" value="UTF-8"/>
    <property name="user.name" value="siradj"/>
    <property name="java.class.path" value="/usr/local/Cellar/maven/3.5.2/libexec/boot/plexus-classworlds-2.5.2.jar"/>
    <property name="java.vm.specification.version" value="1.8"/>
    <property name="sun.arch.data.model" value="64"/>
    <property name="java.home" value="/Library/Java/JavaVirtualMachines/jdk1.8.0_151.jdk/Contents/Home/jre"/>
    <property name="sun.java.command" value="org.codehaus.plexus.classworlds.launcher.Launcher -DsuiteXmlFile=suitexmlfile.xml test"/>
    <property name="java.specification.vendor" value="Oracle Corporation"/>
    <property name="user.language" value="en"/>
    <property name="awt.toolkit" value="sun.lwawt.macosx.LWCToolkit"/>
    <property name="java.vm.info" value="mixed mode"/>
    <property name="java.version" value="1.8.0_151"/>
    <property name="java.ext.dirs" value="/Users/siradj/Library/Java/Extensions:/Library/Java/JavaVirtualMachines/jdk1.8.0_151.jdk/Contents/Home/jre/lib/ext:/Library/Java/Extensions:/Network/Library/Java/Extensions:/System/Library/Java/Extensions:/usr/lib/java"/>
    <property name="sun.boot.class.path" value="/Library/Java/JavaVirtualMachines/jdk1.8.0_151.jdk/Contents/Home/jre/lib/resources.jar:/Library/Java/JavaVirtualMachines/jdk1.8.0_151.jdk/Contents/Home/jre/lib/rt.jar:/Library/Java/JavaVirtualMachines/jdk1.8.0_151.jdk/Contents/Home/jre/lib/sunrsasign.jar:/Library/Java/JavaVirtualMachines/jdk1.8.0_151.jdk/Contents/Home/jre/lib/jsse.jar:/Library/Java/JavaVirtualMachines/jdk1.8.0_151.jdk/Contents/Home/jre/lib/jce.jar:/Library/Java/JavaVirtualMachines/jdk1.8.0_151.jdk/Contents/Home/jre/lib/charsets.jar:/Library/Java/JavaVirtualMachines/jdk1.8.0_151.jdk/Contents/Home/jre/lib/jfr.jar:/Library/Java/JavaVirtualMachines/jdk1.8.0_151.jdk/Contents/Home/jre/classes"/>
    <property name="java.vendor" value="Oracle Corporation"/>
    <property name="maven.home" value="/usr/local/Cellar/maven/3.5.2/libexec"/>
    <property name="file.separator" value="/"/>
    <property name="java.vendor.url.bug" value="http://bugreport.sun.com/bugreport/"/>
    <property name="sun.cpu.endian" value="little"/>
    <property name="sun.io.unicode.encoding" value="UnicodeBig"/>
    <property name="socksNonProxyHosts" value="local|*.local|169.254/16|*.169.254/16"/>
    <property name="ftp.nonProxyHosts" value="local|*.local|169.254/16|*.169.254/16"/>
    <property name="sun.cpu.isalist" value=""/>
  </properties>
  <testcase name="testOpenLoginPopup" classname="smokeTest.OpenLoginPopupTest" time="0.201"/>
  <testcase name="testFillInLogin" classname="smokeTest.FillInLoginTest" time="0.398"/>
  <testcase name="testSelectDatepicker" classname="smokeTest.SelectDatepickerTest" time="2.282"/>
  <testcase name="testFillDatePicker" classname="smokeTest.DatepickerTest" time="30.378"/>
  <testcase name="testSelTabAnimations" classname="smokeTest.DatepickerTest" time="0.12"/>
  <testcase name="testTabAnimationsCommands" classname="smokeTest.DatepickerTest" time="33.079"/>
  <testcase name="testTabDisplayMonthAndYear" classname="smokeTest.DatepickerTest" time="0.108"/>
  <testcase name="testTabDisplayMonthAndYearCommands" classname="smokeTest.DatepickerTest" time="30.222"/>
  <testcase name="testSelTabFormatDate" classname="smokeTest.DatepickerTest" time="0.133"/>
  <testcase name="testTabFormatDateCommands" classname="smokeTest.DatepickerTest" time="0.334"/>
  <testcase name="testShowDatePicker" classname="smokeTest.DatepickerTest" time="1.19"/>
  <testcase name="testSelectSelectable" classname="smokeTest.SelectSelectableTest" time="0.81"/>
  <testcase name="testSelectableStep1" classname="smokeTest.SelectableTest" time="2.107"/>
  <testcase name="testSelectableStep2" classname="smokeTest.SelectableTest" time="0.099"/>
  <testcase name="testSelectableStep3" classname="smokeTest.SelectableTest" time="3.542"/>
  <testcase name="testSelectableStep4" classname="smokeTest.SelectableTest" time="0.095"/>
  <testcase name="testSelectableStep5" classname="smokeTest.SelectableTest" time="1.882"/>
  <testcase name="testSelectAlerts" classname="smokeTest.SelectAlertsTest" time="0.443"/>
  <testcase name="testAlertsStep1" classname="smokeTest.AlertsTest" time="0.442"/>
  <testcase name="testAlertsStep2" classname="smokeTest.AlertsTest" time="0.255"/>
  <testcase name="testAlertsStep3" classname="smokeTest.AlertsTest" time="0.114"/>
  <testcase name="testAlertsStep4" classname="smokeTest.AlertsTest" time="0.393"/>
  <testcase name="testAlertsStep5" classname="smokeTest.AlertsTest" time="0.258"/>
  <testcase name="testAlertsStep6" classname="smokeTest.AlertsTest" time="0.742"/>
  <testcase name="testSelectDroppable" classname="smokeTest.SelectDroppableTest" time="0.484"/>
  <testcase name="testDroppable" classname="smokeTest.DroppableTest" time="0.378"/>
  <testcase name="testSelectDroppable" classname="smokeTest.SelectSliderTest" time="0.503"/>
  <testcase name="testSlider" classname="smokeTest.SliderTest" time="0.292"/>
</testsuite>