<?xml version="1.0" encoding="UTF-8"?>
<!-- Generated by org.testng.reporters.JUnitReportReporter -->
<testsuite hostname="Siradjs-MacBook-Pro.local" name="smokeTest.SelectSelectableTest" tests="1" failures="0" timestamp="20 Nov 2017 14:08:34 GMT" time="0.795" errors="0">
  <testcase name="testSelectSelectable" time="0.795" classname="smokeTest.SelectSelectableTest"/>
</testsuite> <!-- smokeTest.SelectSelectableTest -->
