<?xml version="1.0" encoding="UTF-8"?>
<!-- Generated by org.testng.reporters.JUnitReportReporter -->
<testsuite hostname="Siradjs-MacBook-Pro.local" name="smokeTest.OpenLoginPopupTest" tests="1" failures="0" timestamp="20 Nov 2017 14:08:39 GMT" time="0.184" errors="0">
  <testcase name="testOpenLoginPopup" time="0.184" classname="smokeTest.OpenLoginPopupTest"/>
</testsuite> <!-- smokeTest.OpenLoginPopupTest -->
