<?xml version="1.0" encoding="UTF-8"?>
<!-- Generated by org.testng.reporters.JUnitReportReporter -->
<testsuite hostname="Siradjs-MacBook-Pro.local" name="smokeTest.AlertsTest" tests="6" failures="0" timestamp="17 Nov 2017 09:57:46 GMT" time="2.205" errors="0">
  <testcase name="testAlertsStep4" time="0.393" classname="smokeTest.AlertsTest"/>
  <testcase name="testAlertsStep3" time="0.114" classname="smokeTest.AlertsTest"/>
  <testcase name="testAlertsStep1" time="0.443" classname="smokeTest.AlertsTest"/>
  <testcase name="testAlertsStep6" time="0.742" classname="smokeTest.AlertsTest"/>
  <testcase name="testAlertsStep2" time="0.255" classname="smokeTest.AlertsTest"/>
  <testcase name="testAlertsStep5" time="0.258" classname="smokeTest.AlertsTest"/>
</testsuite> <!-- smokeTest.AlertsTest -->
