<?xml version="1.0" encoding="UTF-8"?>
<!-- Generated by org.testng.reporters.JUnitReportReporter -->
<testsuite hostname="Siradjs-MacBook-Pro.local" name="smokeTest.SliderTest" tests="1" failures="0" timestamp="20 Nov 2017 14:08:24 GMT" time="0.329" errors="0">
  <testcase name="testSlider" time="0.329" classname="smokeTest.SliderTest"/>
</testsuite> <!-- smokeTest.SliderTest -->
