<?xml version="1.0" encoding="UTF-8"?>
<!-- Generated by org.testng.reporters.JUnitReportReporter -->
<testsuite hostname="Siradjs-MacBook-Pro.local" name="smokeTest.SelectDroppableTest" tests="1" failures="0" timestamp="17 Nov 2017 09:57:26 GMT" time="0.483" errors="0">
  <testcase name="testSelectDroppable" time="0.483" classname="smokeTest.SelectDroppableTest"/>
</testsuite> <!-- smokeTest.SelectDroppableTest -->
