<?xml version="1.0" encoding="UTF-8"?>
<!-- Generated by org.testng.reporters.JUnitReportReporter -->
<testsuite hostname="Siradjs-MacBook-Pro.local" name="smokeTest.SelectDatepickerTest" tests="1" failures="0" timestamp="17 Nov 2017 09:57:21 GMT" time="2.281" errors="0">
  <testcase name="testSelectDatepicker" time="2.281" classname="smokeTest.SelectDatepickerTest"/>
</testsuite> <!-- smokeTest.SelectDatepickerTest -->
