<?xml version="1.0" encoding="UTF-8"?>
<!-- Generated by org.testng.reporters.JUnitReportReporter -->
<testsuite hostname="Siradjs-MacBook-Pro.local" name="smokeTest.SelectSelectableTest" tests="1" failures="0" timestamp="17 Nov 2017 09:57:31 GMT" time="0.810" errors="0">
  <testcase name="testSelectSelectable" time="0.810" classname="smokeTest.SelectSelectableTest"/>
</testsuite> <!-- smokeTest.SelectSelectableTest -->
