<?xml version="1.0" encoding="UTF-8"?>
<!-- Generated by org.testng.reporters.JUnitReportReporter -->
<testsuite hostname="Siradjs-MacBook-Pro.local" name="smokeTest.FillInLoginTest" tests="1" failures="0" timestamp="17 Nov 2017 09:57:56 GMT" time="0.397" errors="0">
  <testcase name="testFillInLogin" time="0.397" classname="smokeTest.FillInLoginTest"/>
</testsuite> <!-- smokeTest.FillInLoginTest -->
