<?xml version="1.0" encoding="UTF-8"?>
<!-- Generated by org.testng.reporters.JUnitReportReporter -->
<testsuite hostname="Siradjs-MacBook-Pro.local" name="smokeTest.SelectableTest" tests="5" failures="0" timestamp="17 Nov 2017 09:58:01 GMT" time="7.725" errors="0">
  <testcase name="testSelectableStep5" time="1.882" classname="smokeTest.SelectableTest"/>
  <testcase name="testSelectableStep2" time="0.099" classname="smokeTest.SelectableTest"/>
  <testcase name="testSelectableStep1" time="2.107" classname="smokeTest.SelectableTest"/>
  <testcase name="testSelectableStep3" time="3.542" classname="smokeTest.SelectableTest"/>
  <testcase name="testSelectableStep4" time="0.095" classname="smokeTest.SelectableTest"/>
</testsuite> <!-- smokeTest.SelectableTest -->
