<?xml version="1.0" encoding="UTF-8"?>
<!-- Generated by org.testng.reporters.JUnitReportReporter -->
<testsuite hostname="Siradjs-MacBook-Pro.local" name="smokeTest.OpenLoginPopupTest" tests="1" failures="0" timestamp="17 Nov 2017 09:57:36 GMT" time="0.200" errors="0">
  <testcase name="testOpenLoginPopup" time="0.200" classname="smokeTest.OpenLoginPopupTest"/>
</testsuite> <!-- smokeTest.OpenLoginPopupTest -->
