<?xml version="1.0" encoding="UTF-8"?>
<!-- Generated by org.testng.reporters.JUnitReportReporter -->
<testsuite hostname="Siradjs-MacBook-Pro.local" name="smokeTest.SliderTest" tests="1" failures="0" timestamp="17 Nov 2017 09:57:16 GMT" time="0.292" errors="0">
  <testcase name="testSlider" time="0.292" classname="smokeTest.SliderTest"/>
</testsuite> <!-- smokeTest.SliderTest -->
