<?xml version="1.0" encoding="UTF-8"?>
<!-- Generated by org.testng.reporters.JUnitReportReporter -->
<testsuite hostname="Siradjs-MacBook-Pro.local" name="smokeTest.SmokeTest" tests="6" failures="0" timestamp="3 Nov 2017 13:09:11 GMT" time="4.676" errors="0">
  <testcase name="testVerifyColor" time="0.604" classname="smokeTest.SmokeTest"/>
  <testcase name="testSelectProfileFromMenu" time="1.886" classname="smokeTest.SmokeTest"/>
  <testcase name="testFillInLoginForm" time="0.561" classname="smokeTest.SmokeTest"/>
  <testcase name="testProfileIconClick" time="1.367" classname="smokeTest.SmokeTest"/>
  <testcase name="testOpenLoginPopup" time="0.105" classname="smokeTest.SmokeTest"/>
  <testcase name="testSelectColor" time="0.153" classname="smokeTest.SmokeTest"/>
</testsuite> <!-- smokeTest.SmokeTest -->
