<?xml version="1.0" encoding="UTF-8"?>
<!-- Generated by org.testng.reporters.JUnitReportReporter -->
<testsuite hostname="Siradjs-MacBook-Pro.local" name="smokeTest.FillInLoginTest" tests="1" failures="0" timestamp="20 Nov 2017 14:08:59 GMT" time="0.398" errors="0">
  <testcase name="testFillInLogin" time="0.398" classname="smokeTest.FillInLoginTest"/>
</testsuite> <!-- smokeTest.FillInLoginTest -->
