<?xml version="1.0" encoding="UTF-8"?>
<!-- Generated by org.testng.reporters.JUnitReportReporter -->
<testsuite hostname="Siradjs-MacBook-Pro.local" name="smokeTest.DroppableTest" tests="1" failures="0" timestamp="17 Nov 2017 09:57:41 GMT" time="0.379" errors="0">
  <testcase name="testDroppable" time="0.379" classname="smokeTest.DroppableTest"/>
</testsuite> <!-- smokeTest.DroppableTest -->
