<?xml version="1.0" encoding="UTF-8"?>
<!-- Generated by org.testng.reporters.JUnitReportReporter -->
<testsuite hostname="Siradjs-MacBook-Pro.local" name="smokeTest.SelectDatepickerTest" tests="1" failures="0" timestamp="20 Nov 2017 14:08:19 GMT" time="2.378" errors="0">
  <testcase name="testSelectDatepicker" time="2.378" classname="smokeTest.SelectDatepickerTest"/>
</testsuite> <!-- smokeTest.SelectDatepickerTest -->
