<?xml version="1.0" encoding="UTF-8"?>
<!-- Generated by org.testng.reporters.JUnitReportReporter -->
<testsuite hostname="Siradjs-MacBook-Pro.local" name="smokeTest.DatepickerTest" tests="8" failures="0" timestamp="17 Nov 2017 09:57:51 GMT" time="95.562" errors="0">
  <testcase name="testTabDisplayMonthAndYearCommands" time="30.222" classname="smokeTest.DatepickerTest"/>
  <testcase name="testFillDatePicker" time="30.377" classname="smokeTest.DatepickerTest"/>
  <testcase name="testSelTabFormatDate" time="0.133" classname="smokeTest.DatepickerTest"/>
  <testcase name="testShowDatePicker" time="1.190" classname="smokeTest.DatepickerTest"/>
  <testcase name="testSelTabAnimations" time="0.119" classname="smokeTest.DatepickerTest"/>
  <testcase name="testTabAnimationsCommands" time="33.079" classname="smokeTest.DatepickerTest"/>
  <testcase name="testTabDisplayMonthAndYear" time="0.108" classname="smokeTest.DatepickerTest"/>
  <testcase name="testTabFormatDateCommands" time="0.334" classname="smokeTest.DatepickerTest"/>
</testsuite> <!-- smokeTest.DatepickerTest -->
