<?xml version="1.0" encoding="UTF-8"?>
<!-- Generated by org.testng.reporters.JUnitReportReporter -->
<testsuite hostname="Siradjs-MacBook-Pro.local" name="smokeTest.SelectDroppableTest" tests="1" failures="0" timestamp="20 Nov 2017 14:08:29 GMT" time="1.836" errors="0">
  <testcase name="testSelectDroppable" time="1.836" classname="smokeTest.SelectDroppableTest"/>
</testsuite> <!-- smokeTest.SelectDroppableTest -->
