<?xml version="1.0" encoding="UTF-8"?>
<!-- Generated by org.testng.reporters.JUnitReportReporter -->
<testsuite hostname="Siradjs-MacBook-Pro.local" name="smokeTest.SelectAlertsTest" tests="1" failures="0" timestamp="20 Nov 2017 14:08:14 GMT" time="0.451" errors="0">
  <testcase name="testSelectAlerts" time="0.451" classname="smokeTest.SelectAlertsTest"/>
</testsuite> <!-- smokeTest.SelectAlertsTest -->
