<?xml version="1.0" encoding="UTF-8"?>
<!-- Generated by org.testng.reporters.JUnitReportReporter -->
<testsuite hostname="Siradjs-MacBook-Pro.local" name="smokeTest.SelectableTest" tests="5" failures="0" timestamp="20 Nov 2017 14:09:04 GMT" time="7.698" errors="0">
  <testcase name="testSelectableDisplayAsGrid" time="0.095" classname="smokeTest.SelectableTest"/>
  <testcase name="testSelectableTabSerialize" time="0.098" classname="smokeTest.SelectableTest"/>
  <testcase name="testSelectableSecondIteration" time="3.552" classname="smokeTest.SelectableTest"/>
  <testcase name="testSelectableFirstIteration" time="2.112" classname="smokeTest.SelectableTest"/>
  <testcase name="testSelectableThirdIterator" time="1.841" classname="smokeTest.SelectableTest"/>
</testsuite> <!-- smokeTest.SelectableTest -->
