<?xml version="1.0" encoding="UTF-8"?>
<!-- Generated by org.testng.reporters.JUnitReportReporter -->
<testsuite hostname="Siradjs-MacBook-Pro.local" name="smokeTest.SelectSliderTest" tests="1" failures="0" timestamp="20 Nov 2017 14:09:09 GMT" time="0.665" errors="0">
  <testcase name="testSelectDroppable" time="0.665" classname="smokeTest.SelectSliderTest"/>
</testsuite> <!-- smokeTest.SelectSliderTest -->
