<?xml version="1.0" encoding="UTF-8"?>
<!-- Generated by org.testng.reporters.JUnitReportReporter -->
<testsuite hostname="Siradjs-MacBook-Pro.local" name="smokeTest.SmokeTest" tests="2" failures="0" timestamp="16 Nov 2017 15:48:49 GMT" time="1.058" errors="0">
  <testcase name="testFillInLogin" time="0.472" classname="smokeTest.SmokeTest"/>
  <testcase name="testOpenLoginPopup" time="0.586" classname="smokeTest.SmokeTest"/>
</testsuite> <!-- smokeTest.SmokeTest -->
